<?xml version="1.0" encoding="UTF-8"?>
<testsuite xmlns:xsi="http://www.w3.org/2001/XMLSchema-instance" xsi:noNamespaceSchemaLocation="https://maven.apache.org/surefire/maven-surefire-plugin/xsd/surefire-test-report.xsd" name="courier.CourierTests" time="4.92" tests="10" errors="0" skipped="0" failures="0">
  <properties>
[...]
</properties>
  <testcase name="createDoubleCourier" classname="courier.CourierTests" time="0.719"/>
  <testcase name="loginCourierNotLoginNotPassword" classname="courier.CourierTests" time="0.24"/>
  <testcase name="createDoubleLoginCourier" classname="courier.CourierTests" time="0.542"/>
  <testcase name="loginCourierNotLogin" classname="courier.CourierTests" time="0.497"/>
  <testcase name="createCourier" classname="courier.CourierTests" time="0.332"/>
  <testcase name="loginCourierNoCorrectLogin" classname="courier.CourierTests" time="0.511"/>
  <testcase name="loginCourierCorrectStatusCode" classname="courier.CourierTests" time="0.403"/>
  <testcase name="createCourierWithNotLogin" classname="courier.CourierTests" time="0.302"/>
  <testcase name="createCourierReturnCorrectBody" classname="courier.CourierTests" time="0.363"/>
  <testcase name="loginCourierCorrect" classname="courier.CourierTests" time="0.995"/>
</testsuite>